<?xml version="1.0" encoding="UTF-8"?>
<!-- Generated by org.testng.reporters.JUnitXMLReporter -->
<testsuite hostname="DESKTOP-TP2TGOP" ignored="0" name="Test" tests="5" failures="0" timestamp="27 Feb 2018 14:31:19 GMT" time="0.059" errors="0">
  <testcase name="@BeforeSuite launchBrowser" time="23.552" classname="com.ShoesBuy.Sample.SampleTest">
    <failure type="org.openqa.selenium.WebDriverException" message="Failed to decode response from marionette
Build info: version: &amp;apos;3.8.1&amp;apos;, revision: &amp;apos;6e95a6684b&amp;apos;, time: &amp;apos;2017-12-01T19:05:32.194Z&amp;apos;
System info: host: &amp;apos;DESKTOP-TP2TGOP&amp;apos;, ip: &amp;apos;192.168.31.113&amp;apos;, os.name: &amp;apos;Windows 10&amp;apos;, os.arch: &amp;apos;amd64&amp;apos;, os.version: &amp;apos;10.0&amp;apos;, java.version: &amp;apos;1.8.0_162&amp;apos;
Driver info: org.openqa.selenium.firefox.FirefoxDriver
Capabilities {acceptInsecureCerts: true, browserName: firefox, browserVersion: 58.0.2, javascriptEnabled: true, moz:accessibilityChecks: false, moz:headless: false, moz:processID: 13356, moz:profile: C:\Users\prave\AppData\Loca..., moz:webdriverClick: true, pageLoadStrategy: normal, platform: XP, platformName: XP, platformVersion: 10.0, rotatable: false, timeouts: {implicit: 0, pageLoad: 300000, script: 30000}}
Session ID: 8fc9534f-5509-4dbf-9fbf-558a3a09f3e2">
      <![CDATA[org.openqa.selenium.WebDriverException: Failed to decode response from marionette
Build info: version: '3.8.1', revision: '6e95a6684b', time: '2017-12-01T19:05:32.194Z'
System info: host: 'DESKTOP-TP2TGOP', ip: '192.168.31.113', os.name: 'Windows 10', os.arch: 'amd64', os.version: '10.0', java.version: '1.8.0_162'
Driver info: org.openqa.selenium.firefox.FirefoxDriver
Capabilities {acceptInsecureCerts: true, browserName: firefox, browserVersion: 58.0.2, javascriptEnabled: true, moz:accessibilityChecks: false, moz:headless: false, moz:processID: 13356, moz:profile: C:\Users\prave\AppData\Loca..., moz:webdriverClick: true, pageLoadStrategy: normal, platform: XP, platformName: XP, platformVersion: 10.0, rotatable: false, timeouts: {implicit: 0, pageLoad: 300000, script: 30000}}
Session ID: 8fc9534f-5509-4dbf-9fbf-558a3a09f3e2
at sun.reflect.NativeConstructorAccessorImpl.newInstance0(Native Method)
at sun.reflect.NativeConstructorAccessorImpl.newInstance(NativeConstructorAccessorImpl.java:62)
at sun.reflect.DelegatingConstructorAccessorImpl.newInstance(DelegatingConstructorAccessorImpl.java:45)
at java.lang.reflect.Constructor.newInstance(Constructor.java:423)
at org.openqa.selenium.remote.http.W3CHttpResponseCodec.createException(W3CHttpResponseCodec.java:187)
at org.openqa.selenium.remote.http.W3CHttpResponseCodec.decode(W3CHttpResponseCodec.java:122)
at org.openqa.selenium.remote.http.W3CHttpResponseCodec.decode(W3CHttpResponseCodec.java:49)
at org.openqa.selenium.remote.HttpCommandExecutor.execute(HttpCommandExecutor.java:164)
at org.openqa.selenium.remote.service.DriverCommandExecutor.execute(DriverCommandExecutor.java:83)
at org.openqa.selenium.remote.RemoteWebDriver.execute(RemoteWebDriver.java:601)
at org.openqa.selenium.remote.RemoteWebDriver$RemoteWebDriverOptions$RemoteTimeouts.implicitlyWait(RemoteWebDriver.java:835)
at com.ShoesBuy.Common.CommonMethods.clickFunction(CommonMethods.java:103)
at com.ShoesBuy.Sample.SampleTest.launchBrowser(SampleTest.java:31)
at sun.reflect.NativeMethodAccessorImpl.invoke0(Native Method)
at sun.reflect.NativeMethodAccessorImpl.invoke(NativeMethodAccessorImpl.java:62)
at sun.reflect.DelegatingMethodAccessorImpl.invoke(DelegatingMethodAccessorImpl.java:43)
at java.lang.reflect.Method.invoke(Method.java:498)
at org.testng.internal.MethodInvocationHelper.invokeMethod(MethodInvocationHelper.java:124)
at org.testng.internal.MethodInvocationHelper.invokeMethodConsideringTimeout(MethodInvocationHelper.java:59)
at org.testng.internal.Invoker.invokeConfigurationMethod(Invoker.java:455)
at org.testng.internal.Invoker.invokeConfigurations(Invoker.java:222)
at org.testng.internal.Invoker.invokeConfigurations(Invoker.java:142)
at org.testng.SuiteRunner.privateRun(SuiteRunner.java:401)
at org.testng.SuiteRunner.run(SuiteRunner.java:364)
at org.testng.SuiteRunnerWorker.runSuite(SuiteRunnerWorker.java:52)
at org.testng.SuiteRunnerWorker.run(SuiteRunnerWorker.java:84)
at org.testng.TestNG.runSuitesSequentially(TestNG.java:1208)
at org.testng.TestNG.runSuitesLocally(TestNG.java:1137)
at org.testng.TestNG.runSuites(TestNG.java:1049)
at org.testng.TestNG.run(TestNG.java:1017)
at org.testng.remote.AbstractRemoteTestNG.run(AbstractRemoteTestNG.java:114)
at org.testng.remote.RemoteTestNG.initAndRun(RemoteTestNG.java:251)
at org.testng.remote.RemoteTestNG.main(RemoteTestNG.java:77)
]]>
    </failure>
  </testcase> <!-- @BeforeSuite launchBrowser -->
  <testcase name="@BeforeMethod loginPage" time="0.0" classname="com.ShoesBuy.Sample.SampleTest">
    <skipped/>
  </testcase> <!-- @BeforeMethod loginPage -->
  <testcase name="@AfterMethod logoutPage" time="0.0" classname="com.ShoesBuy.Sample.SampleTest">
    <skipped/>
  </testcase> <!-- @AfterMethod logoutPage -->
  <testcase name="@BeforeMethod loginPage" time="0.0" classname="com.ShoesBuy.Sample.SampleTest">
    <skipped/>
  </testcase> <!-- @BeforeMethod loginPage -->
  <testcase name="@AfterMethod logoutPage" time="0.0" classname="com.ShoesBuy.Sample.SampleTest">
    <skipped/>
  </testcase> <!-- @AfterMethod logoutPage -->
  <testcase name="@BeforeMethod loginPage" time="0.0" classname="com.ShoesBuy.Sample.SampleTest">
    <skipped/>
  </testcase> <!-- @BeforeMethod loginPage -->
  <testcase name="@AfterMethod logoutPage" time="0.0" classname="com.ShoesBuy.Sample.SampleTest">
    <skipped/>
  </testcase> <!-- @AfterMethod logoutPage -->
  <testcase name="@BeforeMethod loginPage" time="0.0" classname="com.ShoesBuy.Sample.SampleTest">
    <skipped/>
  </testcase> <!-- @BeforeMethod loginPage -->
  <testcase name="@AfterMethod logoutPage" time="0.0" classname="com.ShoesBuy.Sample.SampleTest">
    <skipped/>
  </testcase> <!-- @AfterMethod logoutPage -->
  <testcase name="@BeforeMethod loginPage" time="0.0" classname="com.ShoesBuy.Sample.SampleTest">
    <skipped/>
  </testcase> <!-- @BeforeMethod loginPage -->
  <testcase name="@AfterMethod logoutPage" time="0.0" classname="com.ShoesBuy.Sample.SampleTest">
    <skipped/>
  </testcase> <!-- @AfterMethod logoutPage -->
  <testcase name="TC_Login_Verification" time="0.0" classname="com.ShoesBuy.Sample.SampleTest">
    <skipped/>
  </testcase> <!-- TC_Login_Verification -->
  <testcase name="TC_Address_add" time="0.0" classname="com.ShoesBuy.Sample.SampleTest">
    <skipped/>
  </testcase> <!-- TC_Address_add -->
  <testcase name="TC_Address_Delete" time="0.0" classname="com.ShoesBuy.Sample.SampleTest">
    <skipped/>
  </testcase> <!-- TC_Address_Delete -->
  <testcase name="TC_AddPaymentDetails" time="0.0" classname="com.ShoesBuy.Sample.SampleTest">
    <skipped/>
  </testcase> <!-- TC_AddPaymentDetails -->
  <testcase name="TC_DeletePaymentDetails" time="0.0" classname="com.ShoesBuy.Sample.SampleTest">
    <skipped/>
  </testcase> <!-- TC_DeletePaymentDetails -->
</testsuite> <!-- Test -->
