<?xml version="1.0" encoding="UTF-8"?>
<!-- Generated by org.testng.reporters.JUnitReportReporter -->
<testsuite skipped="5" hostname="DESKTOP-TP2TGOP" name="com.ShoesBuy.Sample.ShoesBuyTestng" tests="6" failures="0" timestamp="27 Feb 2018 08:23:01 GMT" time="0.000" errors="1">
  <testcase name="launchBrowser" time="0.000" classname="com.ShoesBuy.Sample.ShoesBuyTestng">
    <error type="org.testng.TestNGException" message="
Parameter &#039;data&#039; is required by BeforeSuite on method launchBrowser but has not been marked @Optional or defined
in C:\Users\prave\Desktop\WorkSpace\ShoesBuy\src\com\ShoesBuy\Sample\shoesbuy.xml">
      <![CDATA[org.testng.TestNGException: 
Parameter 'data' is required by BeforeSuite on method launchBrowser but has not been marked @Optional or defined
in C:\Users\prave\Desktop\WorkSpace\ShoesBuy\src\com\ShoesBuy\Sample\shoesbuy.xml
at org.testng.internal.Parameters.createParams(Parameters.java:290)
at org.testng.internal.Parameters.createParametersForMethod(Parameters.java:359)
at org.testng.internal.Parameters.createParameters(Parameters.java:620)
at org.testng.internal.Parameters.createConfigurationParameters(Parameters.java:190)
at org.testng.internal.Invoker.invokeConfigurations(Invoker.java:209)
at org.testng.internal.Invoker.invokeConfigurations(Invoker.java:142)
at org.testng.SuiteRunner.privateRun(SuiteRunner.java:401)
at org.testng.SuiteRunner.run(SuiteRunner.java:364)
at org.testng.SuiteRunnerWorker.runSuite(SuiteRunnerWorker.java:52)
at org.testng.SuiteRunnerWorker.run(SuiteRunnerWorker.java:84)
at org.testng.TestNG.runSuitesSequentially(TestNG.java:1208)
at org.testng.TestNG.runSuitesLocally(TestNG.java:1137)
at org.testng.TestNG.runSuites(TestNG.java:1049)
at org.testng.TestNG.run(TestNG.java:1017)
at org.testng.remote.AbstractRemoteTestNG.run(AbstractRemoteTestNG.java:114)
at org.testng.remote.RemoteTestNG.initAndRun(RemoteTestNG.java:251)
at org.testng.remote.RemoteTestNG.main(RemoteTestNG.java:77)
]]>
    </error>
  </testcase> <!-- launchBrowser -->
  <testcase name="TC_Login_Verification" time="0.000" classname="com.ShoesBuy.Sample.ShoesBuyTestng">
    <skipped/>
  </testcase> <!-- TC_Login_Verification -->
  <testcase name="TC_Address_add" time="0.000" classname="com.ShoesBuy.Sample.ShoesBuyTestng">
    <skipped/>
  </testcase> <!-- TC_Address_add -->
  <testcase name="TC_Address_Delete" time="0.000" classname="com.ShoesBuy.Sample.ShoesBuyTestng">
    <skipped/>
  </testcase> <!-- TC_Address_Delete -->
  <testcase name="TC_AddPaymentDetails" time="0.000" classname="com.ShoesBuy.Sample.ShoesBuyTestng">
    <skipped/>
  </testcase> <!-- TC_AddPaymentDetails -->
  <testcase name="TC_DeletePaymentDetails" time="0.000" classname="com.ShoesBuy.Sample.ShoesBuyTestng">
    <skipped/>
  </testcase> <!-- TC_DeletePaymentDetails -->
</testsuite> <!-- com.ShoesBuy.Sample.ShoesBuyTestng -->
